<?xml version="1.0" encoding="UTF-8"?>
<testng-results skipped="0" failed="0" ignored="0" total="1" passed="1">
  <reporter-output>
  </reporter-output>
  <suite name="Suite" duration-ms="8681" started-at="2021-05-06T10:39:41Z" finished-at="2021-05-06T10:39:49Z">
    <groups>
    </groups>
    <test name="Test" duration-ms="8681" started-at="2021-05-06T10:39:41Z" finished-at="2021-05-06T10:39:49Z">
      <class name="ABD.Arnab">
        <test-method status="PASS" signature="launchURL()[pri:0, instance:ABD.Arnab@2aece37d]" name="launchURL" duration-ms="8647" started-at="2021-05-06T10:39:41Z" finished-at="2021-05-06T10:39:49Z">
          <reporter-output>
          </reporter-output>
        </test-method> <!-- launchURL -->
      </class> <!-- ABD.Arnab -->
    </test> <!-- Test -->
  </suite> <!-- Suite -->
</testng-results>
